# JRE version: OpenJDK Runtime Environment Temurin-21.0.9+10 (21.0.9+10) (build 21.0.9+10-LTS)
# Java VM: OpenJDK 64-Bit Server VM Temurin-21.0.9+10 (21.0.9+10-LTS, mixed mode, sharing, tiered, compressed oops, compressed class ptrs, parallel gc, windows-amd64)
GC Precious Log:
 CardTable entry size: 512
 CPUs: 4 total, 4 available
 Memory: 8104M
 Large Page Support: Disabled
 NUMA Support: Disabled
 Compressed Oops: Enabled (32-bit)
 Alignments: Space 512K, Generation 512K, Heap 2M
 Heap Min Capacity: 100M
 Heap Initial Capacity: 100M
 Heap Max Capacity: 2G
 Pre-touch: Disabled
 Parallel Workers: 4
Heap:
 PSYoungGen      total 5120K, used 3857K [0x00000000d5580000, 0x00000000d5e00000, 0x0000000100000000)
  eden space 3072K, 65% used [0x00000000d5580000,0x00000000d5775c90,0x00000000d5880000)
  from space 2048K, 90% used [0x00000000d5880000,0x00000000d5a4e778,0x00000000d5a80000)
  to   space 2560K, 0% used [0x00000000d5b80000,0x00000000d5b80000,0x00000000d5e00000)
 ParOldGen       total 404480K, used 404352K [0x0000000080000000, 0x0000000098b00000, 0x00000000d5580000)
  object space 404480K, 99% used [0x0000000080000000,0x0000000098ae0068,0x0000000098b00000)
 Metaspace       used 57115K, committed 58496K, reserved 1114112K
  class space    used 6168K, committed 6784K, reserved 1048576K
GC Heap History (20 events):
Event: 99.242 GC heap before
{Heap before GC invocations=432 (full 2):
 PSYoungGen      total 2560K, used 2112K [0x00000000d5580000, 0x00000000d5a80000, 0x0000000100000000)
  eden space 1024K, 100% used [0x00000000d5580000,0x00000000d5680000,0x00000000d5680000)
  from space 1536K, 70% used [0x00000000d5680000,0x00000000d5790000,0x00000000d5800000)
  to   space 2048K, 0% used [0x00000000d5880000,0x00000000d5880000,0x00000000d5a80000)
 ParOldGen       total 390656K, used 390306K [0x0000000080000000, 0x0000000097d80000, 0x00000000d5580000)
  object space 390656K, 99% used [0x0000000080000000,0x0000000097d28bb0,0x0000000097d80000)
 Metaspace       used 56623K, committed 58048K, reserved 1114112K
  class space    used 6122K, committed 6720K, reserved 1048576K
}
Event: 99.249 GC heap after
{Heap after GC invocations=432 (full 2):
 PSYoungGen      total 3072K, used 1088K [0x00000000d5580000, 0x00000000d5a00000, 0x0000000100000000)
  eden space 1536K, 0% used [0x00000000d5580000,0x00000000d5580000,0x00000000d5700000)
  from space 1536K, 70% used [0x00000000d5880000,0x00000000d5990000,0x00000000d5a00000)
  to   space 1536K, 0% used [0x00000000d5700000,0x00000000d5700000,0x00000000d5880000)
 ParOldGen       total 391680K, used 391330K [0x0000000080000000, 0x0000000097e80000, 0x00000000d5580000)
  object space 391680K, 99% used [0x0000000080000000,0x0000000097e28bb0,0x0000000097e80000)
 Metaspace       used 56623K, committed 58048K, reserved 1114112K
  class space    used 6122K, committed 6720K, reserved 1048576K
}
Event: 99.268 GC heap before
{Heap before GC invocations=433 (full 2):
 PSYoungGen      total 3072K, used 2624K [0x00000000d5580000, 0x00000000d5a00000, 0x0000000100000000)
  eden space 1536K, 100% used [0x00000000d5580000,0x00000000d5700000,0x00000000d5700000)
  from space 1536K, 70% used [0x00000000d5880000,0x00000000d5990000,0x00000000d5a00000)
  to   space 1536K, 0% used [0x00000000d5700000,0x00000000d5700000,0x00000000d5880000)
 ParOldGen       total 391680K, used 391330K [0x0000000080000000, 0x0000000097e80000, 0x00000000d5580000)
  object space 391680K, 99% used [0x0000000080000000,0x0000000097e28bb0,0x0000000097e80000)
 Metaspace       used 56623K, committed 58048K, reserved 1114112K
  class space    used 6122K, committed 6720K, reserved 1048576K
}
Event: 99.274 GC heap after
{Heap after GC invocations=433 (full 2):
 PSYoungGen      total 3072K, used 1536K [0x00000000d5580000, 0x00000000d5d80000, 0x0000000100000000)
  eden space 1536K, 0% used [0x00000000d5580000,0x00000000d5580000,0x00000000d5700000)
  from space 1536K, 100% used [0x00000000d5700000,0x00000000d5880000,0x00000000d5880000)
  to   space 3072K, 0% used [0x00000000d5a80000,0x00000000d5a80000,0x00000000d5d80000)
 ParOldGen       total 392704K, used 392346K [0x0000000080000000, 0x0000000097f80000, 0x00000000d5580000)
  object space 392704K, 99% used [0x0000000080000000,0x0000000097f26bb0,0x0000000097f80000)
 Metaspace       used 56623K, committed 58048K, reserved 1114112K
  class space    used 6122K, committed 6720K, reserved 1048576K
}
Event: 99.289 GC heap before
{Heap before GC invocations=434 (full 2):
 PSYoungGen      total 3072K, used 3066K [0x00000000d5580000, 0x00000000d5d80000, 0x0000000100000000)
  eden space 1536K, 99% used [0x00000000d5580000,0x00000000d56feb18,0x00000000d5700000)
  from space 1536K, 100% used [0x00000000d5700000,0x00000000d5880000,0x00000000d5880000)
  to   space 3072K, 0% used [0x00000000d5a80000,0x00000000d5a80000,0x00000000d5d80000)
 ParOldGen       total 392704K, used 392346K [0x0000000080000000, 0x0000000097f80000, 0x00000000d5580000)
  object space 392704K, 99% used [0x0000000080000000,0x0000000097f26bb0,0x0000000097f80000)
 Metaspace       used 56623K, committed 58048K, reserved 1114112K
  class space    used 6122K, committed 6720K, reserved 1048576K
}
Event: 99.298 GC heap after
{Heap after GC invocations=434 (full 2):
 PSYoungGen      total 4096K, used 1595K [0x00000000d5580000, 0x00000000d5c80000, 0x0000000100000000)
  eden space 2048K, 0% used [0x00000000d5580000,0x00000000d5580000,0x00000000d5780000)
  from space 2048K, 77% used [0x00000000d5a80000,0x00000000d5c0ee58,0x00000000d5c80000)
  to   space 2048K, 0% used [0x00000000d5880000,0x00000000d5880000,0x00000000d5a80000)
 ParOldGen       total 394240K, used 393882K [0x0000000080000000, 0x0000000098100000, 0x00000000d5580000)
  object space 394240K, 99% used [0x0000000080000000,0x00000000980a6bb0,0x0000000098100000)
 Metaspace       used 56623K, committed 58048K, reserved 1114112K
  class space    used 6122K, committed 6720K, reserved 1048576K
}
Event: 99.322 GC heap before
{Heap before GC invocations=435 (full 2):
 PSYoungGen      total 4096K, used 3643K [0x00000000d5580000, 0x00000000d5c80000, 0x0000000100000000)
  eden space 2048K, 100% used [0x00000000d5580000,0x00000000d5780000,0x00000000d5780000)
  from space 2048K, 77% used [0x00000000d5a80000,0x00000000d5c0ee58,0x00000000d5c80000)
  to   space 2048K, 0% used [0x00000000d5880000,0x00000000d5880000,0x00000000d5a80000)
 ParOldGen       total 394240K, used 393882K [0x0000000080000000, 0x0000000098100000, 0x00000000d5580000)
  object space 394240K, 99% used [0x0000000080000000,0x00000000980a6bb0,0x0000000098100000)
 Metaspace       used 56630K, committed 58048K, reserved 1114112K
  class space    used 6122K, committed 6720K, reserved 1048576K
}
Event: 99.328 GC heap after
{Heap after GC invocations=435 (full 2):
 PSYoungGen      total 4608K, used 2034K [0x00000000d5580000, 0x00000000d6000000, 0x0000000100000000)
  eden space 2560K, 0% used [0x00000000d5580000,0x00000000d5580000,0x00000000d5800000)
  from space 2048K, 99% used [0x00000000d5880000,0x00000000d5a7cba0,0x00000000d5a80000)
  to   space 4096K, 0% used [0x00000000d5c00000,0x00000000d5c00000,0x00000000d6000000)
 ParOldGen       total 395776K, used 395450K [0x0000000080000000, 0x0000000098280000, 0x00000000d5580000)
  object space 395776K, 99% used [0x0000000080000000,0x000000009822e8b8,0x0000000098280000)
 Metaspace       used 56630K, committed 58048K, reserved 1114112K
  class space    used 6122K, committed 6720K, reserved 1048576K
}
Event: 99.374 GC heap before
{Heap before GC invocations=436 (full 2):
 PSYoungGen      total 4608K, used 4594K [0x00000000d5580000, 0x00000000d6000000, 0x0000000100000000)
  eden space 2560K, 100% used [0x00000000d5580000,0x00000000d5800000,0x00000000d5800000)
  from space 2048K, 99% used [0x00000000d5880000,0x00000000d5a7cba0,0x00000000d5a80000)
  to   space 4096K, 0% used [0x00000000d5c00000,0x00000000d5c00000,0x00000000d6000000)
 ParOldGen       total 395776K, used 395450K [0x0000000080000000, 0x0000000098280000, 0x00000000d5580000)
  object space 395776K, 99% used [0x0000000080000000,0x000000009822e8b8,0x0000000098280000)
 Metaspace       used 56647K, committed 58048K, reserved 1114112K
  class space    used 6122K, committed 6720K, reserved 1048576K
}
Event: 99.378 GC heap after
{Heap after GC invocations=436 (full 2):
 PSYoungGen      total 5632K, used 2178K [0x00000000d5580000, 0x00000000d5e80000, 0x0000000100000000)
  eden space 3072K, 0% used [0x00000000d5580000,0x00000000d5580000,0x00000000d5880000)
  from space 2560K, 85% used [0x00000000d5c00000,0x00000000d5e209d0,0x00000000d5e80000)
  to   space 3072K, 0% used [0x00000000d5880000,0x00000000d5880000,0x00000000d5b80000)
 ParOldGen       total 395776K, used 395573K [0x0000000080000000, 0x0000000098280000, 0x00000000d5580000)
  object space 395776K, 99% used [0x0000000080000000,0x000000009824d540,0x0000000098280000)
 Metaspace       used 56647K, committed 58048K, reserved 1114112K
  class space    used 6122K, committed 6720K, reserved 1048576K
}
Event: 99.464 GC heap before
{Heap before GC invocations=437 (full 2):
 PSYoungGen      total 5632K, used 5250K [0x00000000d5580000, 0x00000000d5e80000, 0x0000000100000000)
  eden space 3072K, 100% used [0x00000000d5580000,0x00000000d5880000,0x00000000d5880000)
  from space 2560K, 85% used [0x00000000d5c00000,0x00000000d5e209d0,0x00000000d5e80000)
  to   space 3072K, 0% used [0x00000000d5880000,0x00000000d5880000,0x00000000d5b80000)
 ParOldGen       total 395776K, used 395573K [0x0000000080000000, 0x0000000098280000, 0x00000000d5580000)
  object space 395776K, 99% used [0x0000000080000000,0x000000009824d540,0x0000000098280000)
 Metaspace       used 56647K, committed 58048K, reserved 1114112K
  class space    used 6122K, committed 6720K, reserved 1048576K
}
Event: 99.470 GC heap after
{Heap after GC invocations=437 (full 2):
 PSYoungGen      total 6144K, used 3049K [0x00000000d5580000, 0x00000000d6480000, 0x0000000100000000)
  eden space 3072K, 0% used [0x00000000d5580000,0x00000000d5580000,0x00000000d5880000)
  from space 3072K, 99% used [0x00000000d5880000,0x00000000d5b7a550,0x00000000d5b80000)
  to   space 6144K, 0% used [0x00000000d5e80000,0x00000000d5e80000,0x00000000d6480000)
 ParOldGen       total 398336K, used 397878K [0x0000000080000000, 0x0000000098500000, 0x00000000d5580000)
  object space 398336K, 99% used [0x0000000080000000,0x000000009848db28,0x0000000098500000)
 Metaspace       used 56647K, committed 58048K, reserved 1114112K
  class space    used 6122K, committed 6720K, reserved 1048576K
}
Event: 99.564 GC heap before
{Heap before GC invocations=438 (full 2):
 PSYoungGen      total 6144K, used 6121K [0x00000000d5580000, 0x00000000d6480000, 0x0000000100000000)
  eden space 3072K, 100% used [0x00000000d5580000,0x00000000d5880000,0x00000000d5880000)
  from space 3072K, 99% used [0x00000000d5880000,0x00000000d5b7a550,0x00000000d5b80000)
  to   space 6144K, 0% used [0x00000000d5e80000,0x00000000d5e80000,0x00000000d6480000)
 ParOldGen       total 398336K, used 397878K [0x0000000080000000, 0x0000000098500000, 0x00000000d5580000)
  object space 398336K, 99% used [0x0000000080000000,0x000000009848db28,0x0000000098500000)
 Metaspace       used 56659K, committed 58048K, reserved 1114112K
  class space    used 6124K, committed 6720K, reserved 1048576K
}
Event: 99.575 GC heap after
{Heap after GC invocations=438 (full 2):
 PSYoungGen      total 4608K, used 1388K [0x00000000d5580000, 0x00000000d6000000, 0x0000000100000000)
  eden space 3072K, 0% used [0x00000000d5580000,0x00000000d5580000,0x00000000d5880000)
  from space 1536K, 90% used [0x00000000d5e80000,0x00000000d5fdb2c8,0x00000000d6000000)
  to   space 3072K, 0% used [0x00000000d5a00000,0x00000000d5a00000,0x00000000d5d00000)
 ParOldGen       total 400384K, used 400184K [0x0000000080000000, 0x0000000098700000, 0x00000000d5580000)
  object space 400384K, 99% used [0x0000000080000000,0x00000000986ce1b0,0x0000000098700000)
 Metaspace       used 56659K, committed 58048K, reserved 1114112K
  class space    used 6124K, committed 6720K, reserved 1048576K
}
Event: 99.681 GC heap before
{Heap before GC invocations=439 (full 2):
 PSYoungGen      total 4608K, used 4460K [0x00000000d5580000, 0x00000000d6000000, 0x0000000100000000)
  eden space 3072K, 100% used [0x00000000d5580000,0x00000000d5880000,0x00000000d5880000)
  from space 1536K, 90% used [0x00000000d5e80000,0x00000000d5fdb2c8,0x00000000d6000000)
  to   space 3072K, 0% used [0x00000000d5a00000,0x00000000d5a00000,0x00000000d5d00000)
 ParOldGen       total 400384K, used 400184K [0x0000000080000000, 0x0000000098700000, 0x00000000d5580000)
  object space 400384K, 99% used [0x0000000080000000,0x00000000986ce1b0,0x0000000098700000)
 Metaspace       used 56672K, committed 58048K, reserved 1114112K
  class space    used 6124K, committed 6720K, reserved 1048576K
}
Event: 99.688 GC heap after
{Heap after GC invocations=439 (full 2):
 PSYoungGen      total 6144K, used 1202K [0x00000000d5580000, 0x00000000d5f00000, 0x0000000100000000)
  eden space 3072K, 0% used [0x00000000d5580000,0x00000000d5580000,0x00000000d5880000)
  from space 3072K, 39% used [0x00000000d5a00000,0x00000000d5b2c818,0x00000000d5d00000)
  to   space 1536K, 0% used [0x00000000d5d80000,0x00000000d5d80000,0x00000000d5f00000)
 ParOldGen       total 401408K, used 401301K [0x0000000080000000, 0x0000000098800000, 0x00000000d5580000)
  object space 401408K, 99% used [0x0000000080000000,0x00000000987e5470,0x0000000098800000)
 Metaspace       used 56672K, committed 58048K, reserved 1114112K
  class space    used 6124K, committed 6720K, reserved 1048576K
}
Event: 99.790 GC heap before
{Heap before GC invocations=440 (full 2):
 PSYoungGen      total 6144K, used 4274K [0x00000000d5580000, 0x00000000d5f00000, 0x0000000100000000)
  eden space 3072K, 100% used [0x00000000d5580000,0x00000000d5880000,0x00000000d5880000)
  from space 3072K, 39% used [0x00000000d5a00000,0x00000000d5b2c818,0x00000000d5d00000)
  to   space 1536K, 0% used [0x00000000d5d80000,0x00000000d5d80000,0x00000000d5f00000)
 ParOldGen       total 401408K, used 401301K [0x0000000080000000, 0x0000000098800000, 0x00000000d5580000)
  object space 401408K, 99% used [0x0000000080000000,0x00000000987e5470,0x0000000098800000)
 Metaspace       used 56768K, committed 58112K, reserved 1114112K
  class space    used 6144K, committed 6720K, reserved 1048576K
}
Event: 99.801 GC heap after
{Heap after GC invocations=440 (full 2):
 PSYoungGen      total 4608K, used 1516K [0x00000000d5580000, 0x00000000d5f80000, 0x0000000100000000)
  eden space 3072K, 0% used [0x00000000d5580000,0x00000000d5580000,0x00000000d5880000)
  from space 1536K, 98% used [0x00000000d5d80000,0x00000000d5efb010,0x00000000d5f00000)
  to   space 3584K, 0% used [0x00000000d5880000,0x00000000d5880000,0x00000000d5c00000)
 ParOldGen       total 402944K, used 402821K [0x0000000080000000, 0x0000000098980000, 0x00000000d5580000)
  object space 402944K, 99% used [0x0000000080000000,0x0000000098961600,0x0000000098980000)
 Metaspace       used 56768K, committed 58112K, reserved 1114112K
  class space    used 6144K, committed 6720K, reserved 1048576K
}
Event: 99.905 GC heap before
{Heap before GC invocations=441 (full 2):
 PSYoungGen      total 4608K, used 4588K [0x00000000d5580000, 0x00000000d5f80000, 0x0000000100000000)
  eden space 3072K, 100% used [0x00000000d5580000,0x00000000d5880000,0x00000000d5880000)
  from space 1536K, 98% used [0x00000000d5d80000,0x00000000d5efb010,0x00000000d5f00000)
  to   space 3584K, 0% used [0x00000000d5880000,0x00000000d5880000,0x00000000d5c00000)
 ParOldGen       total 402944K, used 402821K [0x0000000080000000, 0x0000000098980000, 0x00000000d5580000)
  object space 402944K, 99% used [0x0000000080000000,0x0000000098961600,0x0000000098980000)
 Metaspace       used 56940K, committed 58368K, reserved 1114112K
  class space    used 6157K, committed 6784K, reserved 1048576K
}
Event: 99.912 GC heap after
{Heap after GC invocations=441 (full 2):
 PSYoungGen      total 5120K, used 1849K [0x00000000d5580000, 0x00000000d5e00000, 0x0000000100000000)
  eden space 3072K, 0% used [0x00000000d5580000,0x00000000d5580000,0x00000000d5880000)
  from space 2048K, 90% used [0x00000000d5880000,0x00000000d5a4e778,0x00000000d5a80000)
  to   space 2560K, 0% used [0x00000000d5b80000,0x00000000d5b80000,0x00000000d5e00000)
 ParOldGen       total 404480K, used 404352K [0x0000000080000000, 0x0000000098b00000, 0x00000000d5580000)
  object space 404480K, 99% used [0x0000000080000000,0x0000000098ae0068,0x0000000098b00000)
 Metaspace       used 56940K, committed 58368K, reserved 1114112K
  class space    used 6157K, committed 6784K, reserved 1048576K
}

